Determining if the pthread_create exist failed with the following output:
Change Dir: /data/project/git/alexrtmp/alexrtmpd_source/workspace/rtmpserver_lib/build/CMakeFiles/CMakeTmp

Run Build Command:"/usr/bin/make" "cmTC_71f25/fast"
/usr/bin/make -f CMakeFiles/cmTC_71f25.dir/build.make CMakeFiles/cmTC_71f25.dir/build
make[1]: 디렉터리 '/data/project/git/alexrtmp/alexrtmpd_source/workspace/rtmpserver_lib/build/CMakeFiles/CMakeTmp' 들어감
Building C object CMakeFiles/cmTC_71f25.dir/CheckSymbolExists.c.o
/usr/bin/cc    -o CMakeFiles/cmTC_71f25.dir/CheckSymbolExists.c.o   -c /data/project/git/alexrtmp/alexrtmpd_source/workspace/rtmpserver_lib/build/CMakeFiles/CMakeTmp/CheckSymbolExists.c
Linking C executable cmTC_71f25
/usr/bin/cmake -E cmake_link_script CMakeFiles/cmTC_71f25.dir/link.txt --verbose=1
/usr/bin/cc      CMakeFiles/cmTC_71f25.dir/CheckSymbolExists.c.o  -o cmTC_71f25 
CMakeFiles/cmTC_71f25.dir/CheckSymbolExists.c.o: In function `main':
CheckSymbolExists.c:(.text+0x1b): undefined reference to `pthread_create'
collect2: error: ld returned 1 exit status
CMakeFiles/cmTC_71f25.dir/build.make:97: recipe for target 'cmTC_71f25' failed
make[1]: *** [cmTC_71f25] Error 1
make[1]: 디렉터리 '/data/project/git/alexrtmp/alexrtmpd_source/workspace/rtmpserver_lib/build/CMakeFiles/CMakeTmp' 나감
Makefile:126: recipe for target 'cmTC_71f25/fast' failed
make: *** [cmTC_71f25/fast] Error 2

File /data/project/git/alexrtmp/alexrtmpd_source/workspace/rtmpserver_lib/build/CMakeFiles/CMakeTmp/CheckSymbolExists.c:
/* */
#include <pthread.h>

int main(int argc, char** argv)
{
  (void)argv;
#ifndef pthread_create
  return ((int*)(&pthread_create))[argc];
#else
  (void)argc;
  return 0;
#endif
}

Determining if the function pthread_create exists in the pthreads failed with the following output:
Change Dir: /data/project/git/alexrtmp/alexrtmpd_source/workspace/rtmpserver_lib/build/CMakeFiles/CMakeTmp

Run Build Command:"/usr/bin/make" "cmTC_ae521/fast"
/usr/bin/make -f CMakeFiles/cmTC_ae521.dir/build.make CMakeFiles/cmTC_ae521.dir/build
make[1]: 디렉터리 '/data/project/git/alexrtmp/alexrtmpd_source/workspace/rtmpserver_lib/build/CMakeFiles/CMakeTmp' 들어감
Building C object CMakeFiles/cmTC_ae521.dir/CheckFunctionExists.c.o
/usr/bin/cc   -DCHECK_FUNCTION_EXISTS=pthread_create   -o CMakeFiles/cmTC_ae521.dir/CheckFunctionExists.c.o   -c /usr/share/cmake-3.10/Modules/CheckFunctionExists.c
Linking C executable cmTC_ae521
/usr/bin/cmake -E cmake_link_script CMakeFiles/cmTC_ae521.dir/link.txt --verbose=1
/usr/bin/cc  -DCHECK_FUNCTION_EXISTS=pthread_create    CMakeFiles/cmTC_ae521.dir/CheckFunctionExists.c.o  -o cmTC_ae521 -lpthreads 
/usr/bin/x86_64-linux-gnu-ld: cannot find -lpthreads
collect2: error: ld returned 1 exit status
CMakeFiles/cmTC_ae521.dir/build.make:97: recipe for target 'cmTC_ae521' failed
make[1]: *** [cmTC_ae521] Error 1
make[1]: 디렉터리 '/data/project/git/alexrtmp/alexrtmpd_source/workspace/rtmpserver_lib/build/CMakeFiles/CMakeTmp' 나감
Makefile:126: recipe for target 'cmTC_ae521/fast' failed
make: *** [cmTC_ae521/fast] Error 2


